生成启动时间为 2018/9/11 10:23:37。
     1>项目“F:\chengxulianxi\work\SeqListD\SeqListD\SeqListD.vcxproj”在节点 2 上(build 个目标)。
     1>InitializeBuildStatus:
         正在对“Debug\SeqListD.unsuccessfulbuild”执行 Touch 任务。
       ClCompile:
         F:\vs2010\VC\bin\CL.exe /c /ZI /nologo /W3 /WX- /Od /Oy- /D WIN32 /D _DEBUG /D _CONSOLE /D _UNICODE /D UNICODE /Gm /EHsc /RTC1 /MDd /GS /fp:precise /Zc:wchar_t /Zc:forScope /Fo"Debug\\" /Fd"Debug\vc100.pdb" /Gd /TC /analyze- /errorReport:prompt SeqListD.c
         SeqListD.c
       ManifestResourceCompile:
         所有输出均为最新。
       Link:
         F:\vs2010\VC\bin\link.exe /ERRORREPORT:PROMPT /OUT:"F:\chengxulianxi\work\SeqListD\Debug\SeqListD.exe" /INCREMENTAL /NOLOGO kernel32.lib user32.lib gdi32.lib winspool.lib comdlg32.lib advapi32.lib shell32.lib ole32.lib oleaut32.lib uuid.lib odbc32.lib odbccp32.lib /MANIFEST /ManifestFile:"Debug\SeqListD.exe.intermediate.manifest" /MANIFESTUAC:"level='asInvoker' uiAccess='false'" /DEBUG /PDB:"F:\chengxulianxi\work\SeqListD\Debug\SeqListD.pdb" /SUBSYSTEM:CONSOLE /TLBID:1 /DYNAMICBASE /NXCOMPAT /IMPLIB:"F:\chengxulianxi\work\SeqListD\Debug\SeqListD.lib" /MACHINE:X86 Debug\SeqListD.exe.embed.manifest.res
         Debug\SeqListD.obj
         Debug\test.obj
       Manifest:
         C:\Program Files (x86)\Microsoft SDKs\Windows\v7.0A\bin\mt.exe /nologo /verbose /out:"Debug\SeqListD.exe.embed.manifest" /manifest Debug\SeqListD.exe.intermediate.manifest
         所有输出均为最新。
       LinkEmbedManifest:
         所有输出均为最新。
         SeqListD.vcxproj -> F:\chengxulianxi\work\SeqListD\Debug\SeqListD.exe
       FinalizeBuildStatus:
         正在删除文件“Debug\SeqListD.unsuccessfulbuild”。
         正在对“Debug\SeqListD.lastbuildstate”执行 Touch 任务。
     1>已完成生成项目“F:\chengxulianxi\work\SeqListD\SeqListD\SeqListD.vcxproj”(build 个目标)的操作。

生成成功。

已用时间 00:00:01.12
